<?xml version="1.0" encoding="UTF-8"?>
<!-- Generated by org.testng.reporters.JUnitReportReporter -->
<testsuite hostname="Cueverz-Nantha" failures="0" tests="1" name="com.Anantation.Login" time="18.434" errors="0" timestamp="2023-07-28T15:49:51 IST" skipped="0">
  <testcase classname="com.Anantation.Login" name="f" time="18.434"/>
</testsuite> <!-- com.Anantation.Login -->
