<?xml version="1.0" encoding="UTF-8"?>
<!-- Generated by org.testng.reporters.JUnitReportReporter -->
<testsuite hostname="Nantha-Divya" failures="0" tests="1" name="com.framework.anatation" time="14.085" errors="0" timestamp="2023-07-27T23:08:12 IST" skipped="0">
  <testcase classname="com.framework.anatation" name="f" time="14.085"/>
</testsuite> <!-- com.framework.anatation -->
